<?xml version="1.0" encoding="UTF-8"?>
<coverage generated="1574779867033" clover="3.2.0">
  <project timestamp="1574779867034" name="All files">
    <metrics statements="39" coveredstatements="38" conditionals="20" coveredconditionals="14" methods="10" coveredmethods="10" elements="69" coveredelements="62" complexity="0" loc="39" ncloc="39" packages="1" files="1" classes="1"/>
    <file name="index.ts" path="/Users/denis/Documents/browser-event-register/index.ts">
      <metrics statements="39" coveredstatements="38" conditionals="20" coveredconditionals="14" methods="10" coveredmethods="10"/>
      <line num="19" count="1" type="stmt"/>
      <line num="21" count="7" type="cond" truecount="2" falsecount="2"/>
      <line num="22" count="0" type="stmt"/>
      <line num="26" count="7" type="stmt"/>
      <line num="28" count="1" type="stmt"/>
      <line num="29" count="22" type="cond" truecount="1" falsecount="1"/>
      <line num="30" count="11" type="cond" truecount="2" falsecount="0"/>
      <line num="31" count="8" type="stmt"/>
      <line num="33" count="11" type="stmt"/>
      <line num="34" count="11" type="stmt"/>
      <line num="37" count="1" type="stmt"/>
      <line num="41" count="4" type="cond" truecount="2" falsecount="0"/>
      <line num="42" count="3" type="stmt"/>
      <line num="43" count="3" type="stmt"/>
      <line num="45" count="1" type="cond" truecount="2" falsecount="0"/>
      <line num="46" count="1" type="stmt"/>
      <line num="47" count="1" type="stmt"/>
      <line num="50" count="4" type="stmt"/>
      <line num="52" count="3" type="cond" truecount="1" falsecount="1"/>
      <line num="53" count="3" type="stmt"/>
      <line num="56" count="1" type="stmt"/>
      <line num="57" count="4" type="cond" truecount="1" falsecount="1"/>
      <line num="58" count="2" type="stmt"/>
      <line num="59" count="1" type="stmt"/>
      <line num="60" count="1" type="stmt"/>
      <line num="62" count="1" type="cond" truecount="1" falsecount="1"/>
      <line num="63" count="1" type="stmt"/>
      <line num="67" count="1" type="stmt"/>
      <line num="68" count="2" type="stmt"/>
      <line num="69" count="1" type="stmt"/>
      <line num="70" count="2" type="stmt"/>
      <line num="76" count="1" type="stmt"/>
      <line num="79" count="1" type="stmt"/>
      <line num="80" count="8" type="cond" truecount="2" falsecount="0"/>
      <line num="81" count="3" type="stmt"/>
      <line num="87" count="1" type="stmt"/>
      <line num="88" count="3" type="stmt"/>
      <line num="89" count="3" type="stmt"/>
      <line num="93" count="1" type="stmt"/>
    </file>
  </project>
</coverage>
