{"total": {"lines":{"total":39,"covered":38,"skipped":0,"pct":97.44},"statements":{"total":48,"covered":47,"skipped":0,"pct":97.92},"functions":{"total":10,"covered":10,"skipped":0,"pct":100},"branches":{"total":20,"covered":14,"skipped":0,"pct":70}}
,"/Users/denis/Documents/browser-event-register/index.ts": {"lines":{"total":39,"covered":38,"skipped":0,"pct":97.44},"functions":{"total":10,"covered":10,"skipped":0,"pct":100},"statements":{"total":48,"covered":47,"skipped":0,"pct":97.92},"branches":{"total":20,"covered":14,"skipped":0,"pct":70}}
}
