{"/Users/denis/Documents/browser-event-register/index.ts": {"path":"/Users/denis/Documents/browser-event-register/index.ts","statementMap":{"0":{"start":{"line":19,"column":0},"end":{"line":19,"column":13}},"1":{"start":{"line":26,"column":10},"end":{"line":26,"column":null}},"2":{"start":{"line":21,"column":4},"end":{"line":23,"column":null}},"3":{"start":{"line":22,"column":6},"end":{"line":22,"column":null}},"4":{"start":{"line":28,"column":9},"end":{"line":35,"column":null}},"5":{"start":{"line":29,"column":12},"end":{"line":29,"column":27}},"6":{"start":{"line":29,"column":29},"end":{"line":29,"column":33}},"7":{"start":{"line":29,"column":35},"end":{"line":29,"column":43}},"8":{"start":{"line":29,"column":45},"end":{"line":29,"column":52}},"9":{"start":{"line":30,"column":4},"end":{"line":32,"column":null}},"10":{"start":{"line":31,"column":6},"end":{"line":31,"column":null}},"11":{"start":{"line":33,"column":4},"end":{"line":33,"column":null}},"12":{"start":{"line":34,"column":4},"end":{"line":34,"column":null}},"13":{"start":{"line":37,"column":9},"end":{"line":54,"column":null}},"14":{"start":{"line":41,"column":4},"end":{"line":48,"column":null}},"15":{"start":{"line":42,"column":6},"end":{"line":42,"column":null}},"16":{"start":{"line":43,"column":6},"end":{"line":43,"column":null}},"17":{"start":{"line":45,"column":6},"end":{"line":45,"column":null}},"18":{"start":{"line":46,"column":6},"end":{"line":46,"column":null}},"19":{"start":{"line":47,"column":6},"end":{"line":47,"column":null}},"20":{"start":{"line":50,"column":4},"end":{"line":50,"column":null}},"21":{"start":{"line":52,"column":16},"end":{"line":52,"column":87}},"22":{"start":{"line":53,"column":4},"end":{"line":53,"column":null}},"23":{"start":{"line":56,"column":9},"end":{"line":65,"column":null}},"24":{"start":{"line":57,"column":12},"end":{"line":57,"column":27}},"25":{"start":{"line":57,"column":29},"end":{"line":57,"column":33}},"26":{"start":{"line":57,"column":35},"end":{"line":57,"column":43}},"27":{"start":{"line":57,"column":45},"end":{"line":57,"column":52}},"28":{"start":{"line":58,"column":4},"end":{"line":58,"column":null}},"29":{"start":{"line":59,"column":4},"end":{"line":59,"column":null}},"30":{"start":{"line":60,"column":18},"end":{"line":60,"column":81}},"31":{"start":{"line":60,"column":54},"end":{"line":60,"column":81}},"32":{"start":{"line":62,"column":4},"end":{"line":64,"column":null}},"33":{"start":{"line":63,"column":6},"end":{"line":63,"column":null}},"34":{"start":{"line":67,"column":9},"end":{"line":77,"column":null}},"35":{"start":{"line":68,"column":4},"end":{"line":68,"column":null}},"36":{"start":{"line":69,"column":4},"end":{"line":75,"column":null}},"37":{"start":{"line":69,"column":17},"end":{"line":69,"column":18}},"38":{"start":{"line":70,"column":6},"end":{"line":74,"column":null}},"39":{"start":{"line":76,"column":4},"end":{"line":76,"column":null}},"40":{"start":{"line":79,"column":10},"end":{"line":85,"column":null}},"41":{"start":{"line":80,"column":4},"end":{"line":84,"column":null}},"42":{"start":{"line":81,"column":6},"end":{"line":83,"column":null}},"43":{"start":{"line":87,"column":10},"end":{"line":92,"column":null}},"44":{"start":{"line":88,"column":4},"end":{"line":91,"column":null}},"45":{"start":{"line":89,"column":26},"end":{"line":89,"column":null}},"46":{"start":{"line":93,"column":0},"end":{"line":93,"column":null}},"47":{"start":{"line":19,"column":13},"end":{"line":19,"column":26}}},"fnMap":{"0":{"name":"(anonymous_0)","decl":{"start":{"line":19,"column":0},"end":{"line":19,"column":13}},"loc":{"start":{"line":19,"column":0},"end":{"line":93,"column":null}}},"1":{"name":"EventRegister","decl":{"start":{"line":20,"column":2},"end":{"line":20,"column":null}},"loc":{"start":{"line":20,"column":2},"end":{"line":24,"column":3}}},"2":{"name":"(anonymous_2)","decl":{"start":{"line":28,"column":2},"end":{"line":28,"column":9}},"loc":{"start":{"line":28,"column":28},"end":{"line":35,"column":3}}},"3":{"name":"(anonymous_3)","decl":{"start":{"line":37,"column":2},"end":{"line":37,"column":9}},"loc":{"start":{"line":37,"column":46},"end":{"line":54,"column":3}}},"4":{"name":"(anonymous_4)","decl":{"start":{"line":56,"column":2},"end":{"line":56,"column":9}},"loc":{"start":{"line":56,"column":31},"end":{"line":65,"column":3}}},"5":{"name":"(anonymous_5)","decl":{"start":{"line":60,"column":46},"end":{"line":60,"column":50}},"loc":{"start":{"line":60,"column":50},"end":{"line":60,"column":58}}},"6":{"name":"(anonymous_6)","decl":{"start":{"line":67,"column":2},"end":{"line":67,"column":9}},"loc":{"start":{"line":67,"column":46},"end":{"line":77,"column":3}}},"7":{"name":"(anonymous_7)","decl":{"start":{"line":79,"column":2},"end":{"line":79,"column":10}},"loc":{"start":{"line":79,"column":54},"end":{"line":85,"column":3}}},"8":{"name":"(anonymous_8)","decl":{"start":{"line":87,"column":2},"end":{"line":87,"column":10}},"loc":{"start":{"line":87,"column":2},"end":{"line":92,"column":3}}},"9":{"name":"(anonymous_9)","decl":{"start":{"line":89,"column":6},"end":{"line":89,"column":7}},"loc":{"start":{"line":89,"column":21},"end":{"line":89,"column":29}}}},"branchMap":{"0":{"loc":{"start":{"line":21,"column":4},"end":{"line":23,"column":null}},"type":"if","locations":[{"start":{"line":21,"column":4},"end":{"line":23,"column":null}},{"start":{"line":21,"column":4},"end":{"line":23,"column":null}}]},"1":{"loc":{"start":{"line":21,"column":8},"end":{"line":21,"column":14}},"type":"binary-expr","locations":[{"start":{"line":21,"column":8},"end":{"line":21,"column":14}},{"start":{"line":21,"column":18},"end":{"line":21,"column":30}}]},"2":{"loc":{"start":{"line":29,"column":12},"end":{"line":29,"column":27}},"type":"cond-expr","locations":[{"start":{"line":29,"column":12},"end":{"line":29,"column":27}},{"start":{"line":29,"column":12},"end":{"line":29,"column":27}}]},"3":{"loc":{"start":{"line":30,"column":4},"end":{"line":32,"column":null}},"type":"if","locations":[{"start":{"line":30,"column":4},"end":{"line":32,"column":null}},{"start":{"line":30,"column":4},"end":{"line":32,"column":null}}]},"4":{"loc":{"start":{"line":41,"column":4},"end":{"line":48,"column":null}},"type":"if","locations":[{"start":{"line":41,"column":4},"end":{"line":48,"column":null}},{"start":{"line":41,"column":4},"end":{"line":48,"column":null}}]},"5":{"loc":{"start":{"line":45,"column":13},"end":{"line":45,"column":24}},"type":"binary-expr","locations":[{"start":{"line":45,"column":13},"end":{"line":45,"column":24}},{"start":{"line":45,"column":28},"end":{"line":45,"column":36}}]},"6":{"loc":{"start":{"line":52,"column":30},"end":{"line":52,"column":60}},"type":"cond-expr","locations":[{"start":{"line":52,"column":30},"end":{"line":52,"column":60}},{"start":{"line":52,"column":63},"end":{"line":52,"column":87}}]},"7":{"loc":{"start":{"line":57,"column":12},"end":{"line":57,"column":27}},"type":"cond-expr","locations":[{"start":{"line":57,"column":12},"end":{"line":57,"column":27}},{"start":{"line":57,"column":12},"end":{"line":57,"column":27}}]},"8":{"loc":{"start":{"line":62,"column":4},"end":{"line":64,"column":null}},"type":"if","locations":[{"start":{"line":62,"column":4},"end":{"line":64,"column":null}},{"start":{"line":62,"column":4},"end":{"line":64,"column":null}}]},"9":{"loc":{"start":{"line":80,"column":4},"end":{"line":84,"column":null}},"type":"if","locations":[{"start":{"line":80,"column":4},"end":{"line":84,"column":null}},{"start":{"line":80,"column":4},"end":{"line":84,"column":null}}]}},"s":{"0":1,"1":7,"2":7,"3":0,"4":1,"5":22,"6":11,"7":11,"8":11,"9":11,"10":8,"11":11,"12":11,"13":1,"14":4,"15":3,"16":3,"17":1,"18":1,"19":1,"20":4,"21":3,"22":3,"23":1,"24":4,"25":2,"26":2,"27":2,"28":2,"29":1,"30":1,"31":1,"32":1,"33":1,"34":1,"35":2,"36":1,"37":1,"38":2,"39":1,"40":1,"41":8,"42":3,"43":1,"44":3,"45":3,"46":1,"47":1},"f":{"0":1,"1":7,"2":11,"3":4,"4":2,"5":1,"6":2,"7":8,"8":3,"9":3},"b":{"0":[0,7],"1":[7,0],"2":[11,0],"3":[8,3],"4":[3,1],"5":[1,1],"6":[3,0],"7":[2,0],"8":[1,0],"9":[3,5]}}
}
