TN:
SF:/Users/denis/Documents/browser-event-register/index.ts
FN:19,(anonymous_0)
FN:20,EventRegister
FN:28,(anonymous_2)
FN:37,(anonymous_3)
FN:56,(anonymous_4)
FN:60,(anonymous_5)
FN:67,(anonymous_6)
FN:79,(anonymous_7)
FN:87,(anonymous_8)
FN:89,(anonymous_9)
FNF:10
FNH:10
FNDA:1,(anonymous_0)
FNDA:7,EventRegister
FNDA:11,(anonymous_2)
FNDA:4,(anonymous_3)
FNDA:2,(anonymous_4)
FNDA:1,(anonymous_5)
FNDA:2,(anonymous_6)
FNDA:8,(anonymous_7)
FNDA:3,(anonymous_8)
FNDA:3,(anonymous_9)
DA:19,1
DA:21,7
DA:22,0
DA:26,7
DA:28,1
DA:29,22
DA:30,11
DA:31,8
DA:33,11
DA:34,11
DA:37,1
DA:41,4
DA:42,3
DA:43,3
DA:45,1
DA:46,1
DA:47,1
DA:50,4
DA:52,3
DA:53,3
DA:56,1
DA:57,4
DA:58,2
DA:59,1
DA:60,1
DA:62,1
DA:63,1
DA:67,1
DA:68,2
DA:69,1
DA:70,2
DA:76,1
DA:79,1
DA:80,8
DA:81,3
DA:87,1
DA:88,3
DA:89,3
DA:93,1
LF:39
LH:38
BRDA:21,0,0,0
BRDA:21,0,1,7
BRDA:21,1,0,7
BRDA:21,1,1,0
BRDA:29,2,0,11
BRDA:29,2,1,0
BRDA:30,3,0,8
BRDA:30,3,1,3
BRDA:41,4,0,3
BRDA:41,4,1,1
BRDA:45,5,0,1
BRDA:45,5,1,1
BRDA:52,6,0,3
BRDA:52,6,1,0
BRDA:57,7,0,2
BRDA:57,7,1,0
BRDA:62,8,0,1
BRDA:62,8,1,0
BRDA:80,9,0,3
BRDA:80,9,1,5
BRF:20
BRH:14
end_of_record
